<?xml version="1.0" encoding="UTF-8"?>
<!-- Generated by org.testng.reporters.JUnitReportReporter -->
<testsuite hostname="LAPTOP-5T9CK8KA" failures="0" tests="8" name="tests.LoginTest" time="30.882" errors="0" timestamp="2025-09-06T10:25:19 IST" skipped="0">
  <testcase classname="tests.LoginTest" name="testPerformanceGlitchUserLogin" time="8.257"/>
  <testcase classname="tests.LoginTest" name="testLockedOutUser" time="3.311"/>
  <testcase classname="tests.LoginTest" name="testEmptyCredentials" time="2.399"/>
  <testcase classname="tests.LoginTest" name="testProblemUserLogin" time="2.722"/>
  <testcase classname="tests.LoginTest" name="testErrorMessageText" time="3.475"/>
  <testcase classname="tests.LoginTest" name="testInvalidCredentials" time="2.825"/>
  <testcase classname="tests.LoginTest" name="testValidLoginStandardUser" time="3.092"/>
  <testcase classname="tests.LoginTest" name="testLogoutFunctionality" time="4.801"/>
</testsuite> <!-- tests.LoginTest -->
