<?xml version="1.0" encoding="UTF-8"?>
<!-- Generated by org.testng.reporters.JUnitReportReporter -->
<testsuite hostname="LAPTOP-5T9CK8KA" failures="0" tests="5" name="tests.UITest" time="27.910" errors="0" timestamp="2025-09-06T10:25:19 IST" skipped="0">
  <testcase classname="tests.UITest" name="testNavigateToAbout" time="10.007"/>
  <testcase classname="tests.UITest" name="testResetAppState" time="6.291"/>
  <testcase classname="tests.UITest" name="testLogoutFromBurgerMenu" time="4.744"/>
  <testcase classname="tests.UITest" name="testFooterLinksAndIcons" time="3.309"/>
  <testcase classname="tests.UITest" name="testBurgerMenuPresence" time="3.559"/>
</testsuite> <!-- tests.UITest -->
