<?xml version="1.0" encoding="UTF-8"?>
<!-- Generated by org.testng.reporters.JUnitReportReporter -->
<testsuite hostname="LAPTOP-5T9CK8KA" failures="0" tests="4" name="tests.CartTest" time="13.721" errors="0" timestamp="2025-09-06T10:25:19 IST" skipped="0">
  <testcase classname="tests.CartTest" name="testVerifyCartItems" time="3.777"/>
  <testcase classname="tests.CartTest" name="testContinueShoppingFromCart" time="3.196"/>
  <testcase classname="tests.CartTest" name="testRemoveItemFromCart" time="3.433"/>
  <testcase classname="tests.CartTest" name="testProceedToCheckout" time="3.315"/>
</testsuite> <!-- tests.CartTest -->
