<?xml version="1.0" encoding="UTF-8"?>
<!-- Generated by org.testng.reporters.JUnitReportReporter -->
<testsuite hostname="LAPTOP-5T9CK8KA" failures="0" tests="7" name="tests.ProductTest" time="46.335" errors="0" timestamp="2025-09-06T10:25:19 IST" skipped="0">
  <testcase classname="tests.ProductTest" name="testProductListingPage" time="4.390"/>
  <testcase classname="tests.ProductTest" name="testSortingOptions" time="9.993"/>
  <testcase classname="tests.ProductTest" name="testProductNamesAndPricesDisplayed" time="3.408"/>
  <testcase classname="tests.ProductTest" name="testAddProductToCart" time="5.604"/>
  <testcase classname="tests.ProductTest" name="testClickProductDetailsPage" time="9.016"/>
  <testcase classname="tests.ProductTest" name="testAddMultipleProductsToCart" time="7.620"/>
  <testcase classname="tests.ProductTest" name="testRemoveProductFromCart" time="6.304"/>
</testsuite> <!-- tests.ProductTest -->
