<?xml version="1.0" encoding="UTF-8"?>
<!-- Generated by org.testng.reporters.JUnitReportReporter -->
<testsuite hostname="LAPTOP-5T9CK8KA" failures="0" tests="7" name="tests.CheckoutTest" time="30.202" errors="0" timestamp="2025-09-06T10:25:19 IST" skipped="0">
  <testcase classname="tests.CheckoutTest" name="testBackHomeFromCheckoutComplete" time="4.049"/>
  <testcase classname="tests.CheckoutTest" name="testCancelCheckout" time="3.629"/>
  <testcase classname="tests.CheckoutTest" name="testEmptyFirstName" time="3.497"/>
  <testcase classname="tests.CheckoutTest" name="testOrderSummaryValidation" time="4.206"/>
  <testcase classname="tests.CheckoutTest" name="testCompleteCheckoutValidData" time="7.527"/>
  <testcase classname="tests.CheckoutTest" name="testOrderConfirmationPage" time="3.839"/>
  <testcase classname="tests.CheckoutTest" name="testEmptyPostalCode" time="3.455"/>
</testsuite> <!-- tests.CheckoutTest -->
